18:37:51 **** Rebuild of configuration Debug for project All_in one ****
Info: Internal Builder is used for build
gcc -O0 -g3 -Wall -c -fmessage-length=0 -o "src\\All_in one.o" "..\\src\\All_in one.c" 
..\src\All_in one.c: In function 'main':
..\src\All_in one.c:16:17: warning: unused variable 'a'
..\src\All_in one.c:16:11: warning: unused variable 'n'
..\src\All_in one.c:16:9: warning: unused variable 'j'
..\src\All_in one.c:16:6: warning: unused variable 'i'
gcc -o "All_in one.exe" "src\\All_in one.o" 

18:37:51 Build Finished. 0 errors, 4 warnings. (took 516ms)

Info: Nothing to build for Change_pos_star
18:38:12 **** Rebuild of configuration Debug for project Reverse_new ****
Info: Internal Builder is used for build
gcc -O0 -g3 -Wall -c -fmessage-length=0 -o "src\\Reverse_new.o" "..\\src\\Reverse_new.c" 
gcc -o Reverse_new.exe "src\\Reverse_new.o" 
18:38:39 **** Incremental Build of configuration Debug for project Reverse_new ****
Info: Internal Builder is used for build
gcc -O0 -g3 -Wall -c -fmessage-length=0 -o "src\\Reverse_new.o" "..\\src\\Reverse_new.c" 
gcc -o Reverse_new.exe "src\\Reverse_new.o" 
18:38:48 **** Incremental Build of configuration Debug for project Reverse_new ****
Info: Internal Builder is used for build
gcc -O0 -g3 -Wall -c -fmessage-length=0 -o "src\\Reverse_new.o" "..\\src\\Reverse_new.c" 
gcc -o Reverse_new.exe "src\\Reverse_new.o" 
18:38:54 **** Incremental Build of configuration Debug for project Reverse_new ****
Info: Internal Builder is used for build
gcc -O0 -g3 -Wall -c -fmessage-length=0 -o "src\\Reverse_new.o" "..\\src\\Reverse_new.c" 
gcc -o Reverse_new.exe "src\\Reverse_new.o" 
18:44:57 **** Incremental Build of configuration Debug for project Reverse_new ****
Info: Internal Builder is used for build
gcc -O0 -g3 -Wall -c -fmessage-length=0 -o "src\\Reverse_new.o" "..\\src\\Reverse_new.c" 
gcc -o Reverse_new.exe "src\\Reverse_new.o" 
18:45:11 **** Incremental Build of configuration Debug for project Reverse_new ****
Info: Internal Builder is used for build
gcc -O0 -g3 -Wall -c -fmessage-length=0 -o "src\\Reverse_new.o" "..\\src\\Reverse_new.c" 
gcc -o Reverse_new.exe "src\\Reverse_new.o" 
18:45:24 **** Incremental Build of configuration Debug for project Reverse_new ****
Info: Internal Builder is used for build
gcc -O0 -g3 -Wall -c -fmessage-length=0 -o "src\\Reverse_new.o" "..\\src\\Reverse_new.c" 
gcc -o Reverse_new.exe "src\\Reverse_new.o" 
18:48:13 **** Incremental Build of configuration Debug for project Reverse_new ****
Info: Internal Builder is used for build
gcc -O0 -g3 -Wall -c -fmessage-length=0 -o "src\\Reverse_new.o" "..\\src\\Reverse_new.c" 
gcc -o Reverse_new.exe "src\\Reverse_new.o" 
18:51:04 **** Incremental Build of configuration Debug for project Reverse_new ****
Info: Internal Builder is used for build
gcc -O0 -g3 -Wall -c -fmessage-length=0 -o "src\\Reverse_new.o" "..\\src\\Reverse_new.c" 
gcc -o Reverse_new.exe "src\\Reverse_new.o" 
18:51:31 **** Incremental Build of configuration Debug for project Reverse_new ****
Info: Internal Builder is used for build
gcc -O0 -g3 -Wall -c -fmessage-length=0 -o "src\\Reverse_new.o" "..\\src\\Reverse_new.c" 
gcc -o Reverse_new.exe "src\\Reverse_new.o" 
18:52:09 **** Incremental Build of configuration Debug for project Reverse_new ****
Info: Internal Builder is used for build
gcc -O0 -g3 -Wall -c -fmessage-length=0 -o "src\\Reverse_new.o" "..\\src\\Reverse_new.c" 
gcc -o Reverse_new.exe "src\\Reverse_new.o" 
18:52:16 **** Incremental Build of configuration Debug for project Reverse_new ****
Info: Internal Builder is used for build
gcc -O0 -g3 -Wall -c -fmessage-length=0 -o "src\\Reverse_new.o" "..\\src\\Reverse_new.c" 
gcc -o Reverse_new.exe "src\\Reverse_new.o" 
18:52:51 **** Incremental Build of configuration Debug for project Reverse_new ****
Info: Internal Builder is used for build
gcc -O0 -g3 -Wall -c -fmessage-length=0 -o "src\\Reverse_new.o" "..\\src\\Reverse_new.c" 
gcc -o Reverse_new.exe "src\\Reverse_new.o" 
18:54:33 **** Incremental Build of configuration Debug for project Reverse_new ****
Info: Internal Builder is used for build
gcc -O0 -g3 -Wall -c -fmessage-length=0 -o "src\\Reverse_new.o" "..\\src\\Reverse_new.c" 
gcc -o Reverse_new.exe "src\\Reverse_new.o" 
18:54:56 **** Incremental Build of configuration Debug for project Reverse_new ****
Info: Internal Builder is used for build
gcc -O0 -g3 -Wall -c -fmessage-length=0 -o "src\\Reverse_new.o" "..\\src\\Reverse_new.c" 
gcc -o Reverse_new.exe "src\\Reverse_new.o" 
18:55:06 **** Incremental Build of configuration Debug for project Reverse_new ****
Info: Internal Builder is used for build
gcc -O0 -g3 -Wall -c -fmessage-length=0 -o "src\\Reverse_new.o" "..\\src\\Reverse_new.c" 
gcc -o Reverse_new.exe "src\\Reverse_new.o" 
Info: Nothing to build for Reverse_new
Info: Nothing to build for Reverse_new
18:57:50 **** Incremental Build of configuration Debug for project Reverse_new ****
Info: Internal Builder is used for build
gcc -O0 -g3 -Wall -c -fmessage-length=0 -o "src\\Reverse_new.o" "..\\src\\Reverse_new.c" 
gcc -o Reverse_new.exe "src\\Reverse_new.o" 
Info: Nothing to build for Reverse_new
19:01:52 **** Incremental Build of configuration Debug for project Reverse_new ****
Info: Internal Builder is used for build
gcc -O0 -g3 -Wall -c -fmessage-length=0 -o "src\\Reverse_new.o" "..\\src\\Reverse_new.c" 
gcc -o Reverse_new.exe "src\\Reverse_new.o" 
19:02:22 **** Incremental Build of configuration Debug for project Reverse_new ****
Info: Internal Builder is used for build
gcc -O0 -g3 -Wall -c -fmessage-length=0 -o "src\\Reverse_new.o" "..\\src\\Reverse_new.c" 
gcc -o Reverse_new.exe "src\\Reverse_new.o" 
Info: Nothing to build for Reverse_new
19:03:07 **** Incremental Build of configuration Debug for project Reverse_new ****
Info: Internal Builder is used for build
gcc -O0 -g3 -Wall -c -fmessage-length=0 -o "src\\Reverse_new.o" "..\\src\\Reverse_new.c" 
gcc -o Reverse_new.exe "src\\Reverse_new.o" 
19:03:19 **** Incremental Build of configuration Debug for project Reverse_new ****
Info: Internal Builder is used for build
gcc -O0 -g3 -Wall -c -fmessage-length=0 -o "src\\Reverse_new.o" "..\\src\\Reverse_new.c" 
gcc -o Reverse_new.exe "src\\Reverse_new.o" 
Info: Nothing to build for Reverse_new
Info: Nothing to build for Reverse_new
Info: Nothing to build for Reverse_new
19:03:49 **** Incremental Build of configuration Debug for project Reverse_new ****
Info: Internal Builder is used for build
gcc -O0 -g3 -Wall -c -fmessage-length=0 -o "src\\Reverse_new.o" "..\\src\\Reverse_new.c" 
gcc -o Reverse_new.exe "src\\Reverse_new.o" 
19:05:02 **** Incremental Build of configuration Debug for project All_in one ****
Info: Internal Builder is used for build
gcc -O0 -g3 -Wall -c -fmessage-length=0 -o "src\\All_in one.o" "..\\src\\All_in one.c" 
..\src\All_in one.c: In function 'main':
..\src\All_in one.c:16:9: warning: unused variable 'j'
gcc -o "All_in one.exe" "src\\All_in one.o" 
Info: Nothing to build for All_in one
19:06:40 **** Incremental Build of configuration Debug for project All_in one ****
Info: Internal Builder is used for build
gcc -O0 -g3 -Wall -c -fmessage-length=0 -o "src\\All_in one.o" "..\\src\\All_in one.c" 
..\src\All_in one.c: In function 'main':
..\src\All_in one.c:16:9: warning: unused variable 'j'
gcc -o "All_in one.exe" "src\\All_in one.o" 
19:09:50 **** Incremental Build of configuration Debug for project All_in one ****
Info: Internal Builder is used for build
gcc -O0 -g3 -Wall -c -fmessage-length=0 -o "src\\All_in one.o" "..\\src\\All_in one.c" 
..\src\All_in one.c: In function 'main':
..\src\All_in one.c:17:6: warning: unused variable 'temp'
..\src\All_in one.c:16:17: warning: unused variable 'a'
..\src\All_in one.c:16:9: warning: unused variable 'j'
gcc -o "All_in one.exe" "src\\All_in one.o" 
19:10:01 **** Incremental Build of configuration Debug for project All_in one ****
Info: Internal Builder is used for build
gcc -O0 -g3 -Wall -c -fmessage-length=0 -o "src\\All_in one.o" "..\\src\\All_in one.c" 
..\src\All_in one.c: In function 'main':
..\src\All_in one.c:17:6: warning: unused variable 'temp'
..\src\All_in one.c:16:9: warning: unused variable 'j'
gcc -o "All_in one.exe" "src\\All_in one.o" 
19:12:52 **** Incremental Build of configuration Debug for project All_in one ****
Info: Internal Builder is used for build
gcc -O0 -g3 -Wall -c -fmessage-length=0 -o "src\\All_in one.o" "..\\src\\All_in one.c" 
..\src\All_in one.c: In function 'main':
..\src\All_in one.c:17:6: warning: unused variable 'temp'
..\src\All_in one.c:16:9: warning: unused variable 'j'
gcc -o "All_in one.exe" "src\\All_in one.o" 
Info: Nothing to build for All_in one
19:13:15 **** Incremental Build of configuration Debug for project All_in one ****
Info: Internal Builder is used for build
gcc -O0 -g3 -Wall -c -fmessage-length=0 -o "src\\All_in one.o" "..\\src\\All_in one.c" 
..\src\All_in one.c: In function 'main':
..\src\All_in one.c:17:6: warning: unused variable 'temp'
..\src\All_in one.c:16:9: warning: unused variable 'j'
gcc -o "All_in one.exe" "src\\All_in one.o" 
Info: Nothing to build for All_in one
19:14:55 **** Incremental Build of configuration Debug for project All_in one ****
Info: Internal Builder is used for build
gcc -O0 -g3 -Wall -c -fmessage-length=0 -o "src\\All_in one.o" "..\\src\\All_in one.c" 
..\src\All_in one.c: In function 'main':
..\src\All_in one.c:17:6: warning: unused variable 'temp'
..\src\All_in one.c:16:9: warning: unused variable 'j'
gcc -o "All_in one.exe" "src\\All_in one.o" 
19:15:01 **** Incremental Build of configuration Debug for project All_in one ****
Info: Internal Builder is used for build
gcc -O0 -g3 -Wall -c -fmessage-length=0 -o "src\\All_in one.o" "..\\src\\All_in one.c" 
..\src\All_in one.c: In function 'main':
..\src\All_in one.c:17:6: warning: unused variable 'temp'
..\src\All_in one.c:16:9: warning: unused variable 'j'
gcc -o "All_in one.exe" "src\\All_in one.o" 
19:16:38 **** Rebuild of configuration Debug for project Deletion by position ****
Info: Internal Builder is used for build
gcc -O0 -g3 -Wall -c -fmessage-length=0 -o "src\\Deletion by position.o" "..\\src\\Deletion by position.c" 
gcc -o "Deletion by position.exe" "src\\Deletion by position.o" 
Info: Nothing to build for Deletion_odd_even
19:19:21 **** Incremental Build of configuration Debug for project All_in one ****
Info: Internal Builder is used for build
gcc -O0 -g3 -Wall -c -fmessage-length=0 -o "src\\All_in one.o" "..\\src\\All_in one.c" 
..\src\All_in one.c: In function 'main':
..\src\All_in one.c:17:6: warning: unused variable 'temp'
gcc -o "All_in one.exe" "src\\All_in one.o" 
19:19:51 **** Incremental Build of configuration Debug for project All_in one ****
Info: Internal Builder is used for build
gcc -O0 -g3 -Wall -c -fmessage-length=0 -o "src\\All_in one.o" "..\\src\\All_in one.c" 
..\src\All_in one.c: In function 'main':
..\src\All_in one.c:17:6: warning: unused variable 'temp'
gcc -o "All_in one.exe" "src\\All_in one.o" 
19:20:00 **** Incremental Build of configuration Debug for project All_in one ****
Info: Internal Builder is used for build
gcc -O0 -g3 -Wall -c -fmessage-length=0 -o "src\\All_in one.o" "..\\src\\All_in one.c" 
..\src\All_in one.c: In function 'main':
..\src\All_in one.c:17:6: warning: unused variable 'temp'
gcc -o "All_in one.exe" "src\\All_in one.o" 
Info: Nothing to build for All_in one
19:20:26 **** Incremental Build of configuration Debug for project All_in one ****
Info: Internal Builder is used for build
gcc -O0 -g3 -Wall -c -fmessage-length=0 -o "src\\All_in one.o" "..\\src\\All_in one.c" 
..\src\All_in one.c: In function 'main':
..\src\All_in one.c:17:6: warning: unused variable 'temp'
..\src\All_in one.c:16:9: warning: unused variable 'j'
gcc -o "All_in one.exe" "src\\All_in one.o" 
19:21:27 **** Incremental Build of configuration Debug for project Deletion_odd_even ****
Info: Internal Builder is used for build
gcc -O0 -g3 -Wall -c -fmessage-length=0 -o "src\\Deletion_odd_even.o" "..\\src\\Deletion_odd_even.c" 
gcc -o Deletion_odd_even.exe "src\\Deletion_odd_even.o" 
c:/program files/mingw-w64-bin_x86_64-mingw_20111101_sezero/mingw64/bin/../lib/gcc/x86_64-w64-mingw32/4.5.4/../../../../x86_64-w64-mingw32/bin/ld.exe: cannot open output file Deletion_odd_even.exe: Permission denied
collect2: ld returned 1 exit status
19:21:33 **** Incremental Build of configuration Debug for project Deletion_odd_even ****
Info: Internal Builder is used for build
gcc -o Deletion_odd_even.exe "src\\Deletion_odd_even.o" 
Info: Nothing to build for Deletion_odd_even
23:46:21 **** Incremental Build of configuration Debug for project All_in one ****
Info: Internal Builder is used for build
gcc -O0 -g3 -Wall -c -fmessage-length=0 -o "src\\All_in one.o" "..\\src\\All_in one.c" 
gcc -o "All_in one.exe" "src\\All_in one.o" 
23:46:53 **** Incremental Build of configuration Debug for project All_in one ****
Info: Internal Builder is used for build
gcc -O0 -g3 -Wall -c -fmessage-length=0 -o "src\\All_in one.o" "..\\src\\All_in one.c" 
gcc -o "All_in one.exe" "src\\All_in one.o" 
23:47:39 **** Incremental Build of configuration Debug for project All_in one ****
Info: Internal Builder is used for build
gcc -O0 -g3 -Wall -c -fmessage-length=0 -o "src\\All_in one.o" "..\\src\\All_in one.c" 
gcc -o "All_in one.exe" "src\\All_in one.o" 
23:48:56 **** Incremental Build of configuration Debug for project All_in one ****
Info: Internal Builder is used for build
gcc -O0 -g3 -Wall -c -fmessage-length=0 -o "src\\All_in one.o" "..\\src\\All_in one.c" 
gcc -o "All_in one.exe" "src\\All_in one.o" 
23:49:11 **** Incremental Build of configuration Debug for project All_in one ****
Info: Internal Builder is used for build
gcc -O0 -g3 -Wall -c -fmessage-length=0 -o "src\\All_in one.o" "..\\src\\All_in one.c" 
gcc -o "All_in one.exe" "src\\All_in one.o" 
00:11:17 **** Incremental Build of configuration Debug for project All_in one ****
Info: Internal Builder is used for build
gcc -O0 -g3 -Wall -c -fmessage-length=0 -o "src\\All_in one.o" "..\\src\\All_in one.c" 
..\src\All_in one.c: In function 'main':
..\src\All_in one.c:17:6: warning: unused variable 'temp'
gcc -o "All_in one.exe" "src\\All_in one.o" 
00:12:12 **** Incremental Build of configuration Debug for project Reverse_new ****
Info: Internal Builder is used for build
gcc -O0 -g3 -Wall -c -fmessage-length=0 -o "src\\Reverse_new.o" "..\\src\\Reverse_new.c" 
gcc -o Reverse_new.exe "src\\Reverse_new.o" 
00:35:19 **** Incremental Build of configuration Debug for project All_in one ****
Info: Internal Builder is used for build
gcc -O0 -g3 -Wall -c -fmessage-length=0 -o "src\\All_in one.o" "..\\src\\All_in one.c" 
gcc -o "All_in one.exe" "src\\All_in one.o" 
Info: Nothing to build for All_in one
Info: Nothing to build for All_in one
Info: Nothing to build for All_in one
Info: Nothing to build for All_in one
Info: Nothing to build for All_in one
Info: Nothing to build for All_in one
Info: Nothing to build for All_in one
Info: Nothing to build for All_in one
Info: Nothing to build for All_in one
00:35:51 **** Incremental Build of configuration Debug for project All_in one ****
Info: Internal Builder is used for build
gcc -O0 -g3 -Wall -c -fmessage-length=0 -o "src\\All_in one.o" "..\\src\\All_in one.c" 
gcc -o "All_in one.exe" "src\\All_in one.o" 
c:/program files/mingw-w64-bin_x86_64-mingw_20111101_sezero/mingw64/bin/../lib/gcc/x86_64-w64-mingw32/4.5.4/../../../../x86_64-w64-mingw32/bin/ld.exe: cannot open output file All_in one.exe: Permission denied
collect2: ld returned 1 exit status
00:36:01 **** Incremental Build of configuration Debug for project All_in one ****
Info: Internal Builder is used for build
gcc -o "All_in one.exe" "src\\All_in one.o" 
Info: Nothing to build for All_in one
00:37:14 **** Incremental Build of configuration Debug for project All_in one ****
Info: Internal Builder is used for build
gcc -O0 -g3 -Wall -c -fmessage-length=0 -o "src\\All_in one.o" "..\\src\\All_in one.c" 
gcc -o "All_in one.exe" "src\\All_in one.o" 
c:/program files/mingw-w64-bin_x86_64-mingw_20111101_sezero/mingw64/bin/../lib/gcc/x86_64-w64-mingw32/4.5.4/../../../../x86_64-w64-mingw32/bin/ld.exe: cannot open output file All_in one.exe: Permission denied
collect2: ld returned 1 exit status
00:37:19 **** Incremental Build of configuration Debug for project All_in one ****
Info: Internal Builder is used for build
gcc -o "All_in one.exe" "src\\All_in one.o" 
Info: Nothing to build for All_in one
00:37:32 **** Incremental Build of configuration Debug for project All_in one ****
Info: Internal Builder is used for build
gcc -O0 -g3 -Wall -c -fmessage-length=0 -o "src\\All_in one.o" "..\\src\\All_in one.c" 
gcc -o "All_in one.exe" "src\\All_in one.o" 
00:37:58 **** Incremental Build of configuration Debug for project All_in one ****
Info: Internal Builder is used for build
gcc -O0 -g3 -Wall -c -fmessage-length=0 -o "src\\All_in one.o" "..\\src\\All_in one.c" 
gcc -o "All_in one.exe" "src\\All_in one.o" 
00:38:31 **** Incremental Build of configuration Debug for project All_in one ****
Info: Internal Builder is used for build
gcc -O0 -g3 -Wall -c -fmessage-length=0 -o "src\\All_in one.o" "..\\src\\All_in one.c" 
gcc -o "All_in one.exe" "src\\All_in one.o" 
Info: Nothing to build for All_in one
00:39:20 **** Incremental Build of configuration Debug for project All_in one ****
Info: Internal Builder is used for build
gcc -O0 -g3 -Wall -c -fmessage-length=0 -o "src\\All_in one.o" "..\\src\\All_in one.c" 
gcc -o "All_in one.exe" "src\\All_in one.o" 
Info: Nothing to build for All_in one
00:41:05 **** Incremental Build of configuration Debug for project All_in one ****
Info: Internal Builder is used for build
gcc -O0 -g3 -Wall -c -fmessage-length=0 -o "src\\All_in one.o" "..\\src\\All_in one.c" 
gcc -o "All_in one.exe" "src\\All_in one.o" 
Info: Nothing to build for All_in one
00:41:13 **** Incremental Build of configuration Debug for project All_in one ****
Info: Internal Builder is used for build
gcc -O0 -g3 -Wall -c -fmessage-length=0 -o "src\\All_in one.o" "..\\src\\All_in one.c" 
gcc -o "All_in one.exe" "src\\All_in one.o" 
c:/program files/mingw-w64-bin_x86_64-mingw_20111101_sezero/mingw64/bin/../lib/gcc/x86_64-w64-mingw32/4.5.4/../../../../x86_64-w64-mingw32/bin/ld.exe: cannot open output file All_in one.exe: Permission denied
collect2: ld returned 1 exit status
00:41:15 **** Incremental Build of configuration Debug for project All_in one ****
Info: Internal Builder is used for build
gcc -o "All_in one.exe" "src\\All_in one.o" 
c:/program files/mingw-w64-bin_x86_64-mingw_20111101_sezero/mingw64/bin/../lib/gcc/x86_64-w64-mingw32/4.5.4/../../../../x86_64-w64-mingw32/bin/ld.exe: cannot open output file All_in one.exe: Permission denied
collect2: ld returned 1 exit status
00:41:52 **** Incremental Build of configuration Debug for project All_in one ****
Info: Internal Builder is used for build
gcc -O0 -g3 -Wall -c -fmessage-length=0 -o "src\\All_in one.o" "..\\src\\All_in one.c" 
gcc -o "All_in one.exe" "src\\All_in one.o" 
c:/program files/mingw-w64-bin_x86_64-mingw_20111101_sezero/mingw64/bin/../lib/gcc/x86_64-w64-mingw32/4.5.4/../../../../x86_64-w64-mingw32/bin/ld.exe: cannot open output file All_in one.exe: Permission denied
collect2: ld returned 1 exit status
00:42:02 **** Incremental Build of configuration Debug for project All_in one ****
Info: Internal Builder is used for build
gcc -O0 -g3 -Wall -c -fmessage-length=0 -o "src\\All_in one.o" "..\\src\\All_in one.c" 
gcc -o "All_in one.exe" "src\\All_in one.o" 
Info: Nothing to build for All_in one
Info: Nothing to build for All_in one
00:43:52 **** Incremental Build of configuration Debug for project All_in one ****
Info: Internal Builder is used for build
gcc -O0 -g3 -Wall -c -fmessage-length=0 -o "src\\All_in one.o" "..\\src\\All_in one.c" 
gcc -o "All_in one.exe" "src\\All_in one.o" 
Info: Nothing to build for All_in one
00:44:01 **** Incremental Build of configuration Debug for project All_in one ****
Info: Internal Builder is used for build
gcc -O0 -g3 -Wall -c -fmessage-length=0 -o "src\\All_in one.o" "..\\src\\All_in one.c" 
gcc -o "All_in one.exe" "src\\All_in one.o" 
c:/program files/mingw-w64-bin_x86_64-mingw_20111101_sezero/mingw64/bin/../lib/gcc/x86_64-w64-mingw32/4.5.4/../../../../x86_64-w64-mingw32/bin/ld.exe: cannot open output file All_in one.exe: Permission denied
collect2: ld returned 1 exit status
00:44:08 **** Incremental Build of configuration Debug for project All_in one ****
Info: Internal Builder is used for build
gcc -o "All_in one.exe" "src\\All_in one.o" 
Info: Nothing to build for All_in one
Info: Nothing to build for All_in one
Info: Nothing to build for All_in one
Info: Nothing to build for All_in one
Info: Nothing to build for All_in one
Info: Nothing to build for All_in one
Info: Nothing to build for All_in one
Info: Nothing to build for All_in one
01:03:36 **** Rebuild of configuration Debug for project All_in one ****
Info: Internal Builder is used for build
gcc -O0 -g3 -Wall -c -fmessage-length=0 -o "src\\All_in one.o" "..\\src\\All_in one.c" 
gcc -o "All_in one.exe" "src\\All_in one.o" 
01:07:00 **** Incremental Build of configuration Debug for project All_in one ****
Info: Internal Builder is used for build
gcc -O0 -g3 -Wall -c -fmessage-length=0 -o "src\\All_in one.o" "..\\src\\All_in one.c" 
gcc -o "All_in one.exe" "src\\All_in one.o" 
01:09:07 **** Incremental Build of configuration Debug for project All_in one ****
Info: Internal Builder is used for build
gcc -O0 -g3 -Wall -c -fmessage-length=0 -o "src\\All_in one.o" "..\\src\\All_in one.c" 
..\src\All_in one.c: In function 'main':
..\src\All_in one.c:35:2: warning: suggest parentheses around assignment used as truth value
..\src\All_in one.c: At top level:
..\src\All_in one.c:46:2: error: expected identifier or '(' before 'return'
..\src\All_in one.c:47:1: error: expected identifier or '(' before '}' token
..\src\All_in one.c: In function 'main':
..\src\All_in one.c:41:1: warning: control reaches end of non-void function
01:09:20 **** Incremental Build of configuration Debug for project All_in one ****
Info: Internal Builder is used for build
gcc -O0 -g3 -Wall -c -fmessage-length=0 -o "src\\All_in one.o" "..\\src\\All_in one.c" 
..\src\All_in one.c:46:2: error: expected identifier or '(' before 'return'
..\src\All_in one.c:47:1: error: expected identifier or '(' before '}' token
..\src\All_in one.c: In function 'main':
..\src\All_in one.c:41:1: warning: control reaches end of non-void function
01:09:30 **** Incremental Build of configuration Debug for project All_in one ****
Info: Internal Builder is used for build
gcc -O0 -g3 -Wall -c -fmessage-length=0 -o "src\\All_in one.o" "..\\src\\All_in one.c" 
..\src\All_in one.c:46:2: error: expected identifier or '(' before 'return'
..\src\All_in one.c:47:1: error: expected identifier or '(' before '}' token
..\src\All_in one.c: In function 'main':
..\src\All_in one.c:41:1: warning: control reaches end of non-void function
01:09:40 **** Incremental Build of configuration Debug for project All_in one ****
Info: Internal Builder is used for build
gcc -O0 -g3 -Wall -c -fmessage-length=0 -o "src\\All_in one.o" "..\\src\\All_in one.c" 
gcc -o "All_in one.exe" "src\\All_in one.o" 
01:10:01 **** Incremental Build of configuration Debug for project All_in one ****
Info: Internal Builder is used for build
gcc -O0 -g3 -Wall -c -fmessage-length=0 -o "src\\All_in one.o" "..\\src\\All_in one.c" 
gcc -o "All_in one.exe" "src\\All_in one.o" 
01:10:12 **** Incremental Build of configuration Debug for project All_in one ****
Info: Internal Builder is used for build
gcc -O0 -g3 -Wall -c -fmessage-length=0 -o "src\\All_in one.o" "..\\src\\All_in one.c" 
gcc -o "All_in one.exe" "src\\All_in one.o" 
01:14:08 **** Incremental Build of configuration Debug for project All_in one ****
Info: Internal Builder is used for build
gcc -O0 -g3 -Wall -c -fmessage-length=0 -o "src\\All_in one.o" "..\\src\\All_in one.c" 
gcc -o "All_in one.exe" "src\\All_in one.o" 
01:14:15 **** Incremental Build of configuration Debug for project All_in one ****
Info: Internal Builder is used for build
gcc -O0 -g3 -Wall -c -fmessage-length=0 -o "src\\All_in one.o" "..\\src\\All_in one.c" 
gcc -o "All_in one.exe" "src\\All_in one.o" 
01:14:32 **** Incremental Build of configuration Debug for project All_in one ****
Info: Internal Builder is used for build
gcc -O0 -g3 -Wall -c -fmessage-length=0 -o "src\\All_in one.o" "..\\src\\All_in one.c" 
gcc -o "All_in one.exe" "src\\All_in one.o" 
01:14:43 **** Incremental Build of configuration Debug for project All_in one ****
Info: Internal Builder is used for build
gcc -O0 -g3 -Wall -c -fmessage-length=0 -o "src\\All_in one.o" "..\\src\\All_in one.c" 
gcc -o "All_in one.exe" "src\\All_in one.o" 
01:15:03 **** Incremental Build of configuration Debug for project All_in one ****
Info: Internal Builder is used for build
gcc -O0 -g3 -Wall -c -fmessage-length=0 -o "src\\All_in one.o" "..\\src\\All_in one.c" 
gcc -o "All_in one.exe" "src\\All_in one.o" 
01:15:11 **** Incremental Build of configuration Debug for project All_in one ****
Info: Internal Builder is used for build
gcc -O0 -g3 -Wall -c -fmessage-length=0 -o "src\\All_in one.o" "..\\src\\All_in one.c" 
gcc -o "All_in one.exe" "src\\All_in one.o" 
01:17:49 **** Incremental Build of configuration Debug for project All_in one ****
Info: Internal Builder is used for build
gcc -O0 -g3 -Wall -c -fmessage-length=0 -o "src\\All_in one.o" "..\\src\\All_in one.c" 
..\src\All_in one.c: In function 'main':
..\src\All_in one.c:19:6: warning: unused variable 'value'
gcc -o "All_in one.exe" "src\\All_in one.o" 
01:18:25 **** Incremental Build of configuration Debug for project All_in one ****
Info: Internal Builder is used for build
gcc -O0 -g3 -Wall -c -fmessage-length=0 -o "src\\All_in one.o" "..\\src\\All_in one.c" 
..\src\All_in one.c: In function 'main':
..\src\All_in one.c:19:6: warning: unused variable 'value'
gcc -o "All_in one.exe" "src\\All_in one.o" 
c:/program files/mingw-w64-bin_x86_64-mingw_20111101_sezero/mingw64/bin/../lib/gcc/x86_64-w64-mingw32/4.5.4/../../../../x86_64-w64-mingw32/bin/ld.exe: cannot open output file All_in one.exe: Permission denied
collect2: ld returned 1 exit status
01:18:30 **** Incremental Build of configuration Debug for project All_in one ****
Info: Internal Builder is used for build
gcc -o "All_in one.exe" "src\\All_in one.o" 
Info: Nothing to build for All_in one
01:20:17 **** Incremental Build of configuration Debug for project AccessingOddAndEven ****
Info: Internal Builder is used for build
gcc -O0 -g3 -Wall -c -fmessage-length=0 -o "src\\AccessingOddAndEven.o" "..\\src\\AccessingOddAndEven.c" 
gcc -o AccessingOddAndEven.exe "src\\AccessingOddAndEven.o" 
08:42:36 **** Rebuild of configuration Debug for project frequency_of_each_element ****
Info: Internal Builder is used for build
gcc -O0 -g3 -Wall -c -fmessage-length=0 -o "src\\frequency_of_each_element.o" "..\\src\\frequency_of_each_element.c" 
gcc -o frequency_of_each_element.exe "src\\frequency_of_each_element.o" 
14:05:40 **** Rebuild of configuration Debug for project Change_pos_star ****
Info: Internal Builder is used for build
gcc -O0 -g3 -Wall -c -fmessage-length=0 -o "src\\Change_pos_star.o" "..\\src\\Change_pos_star.c" 
gcc -o Change_pos_star.exe "src\\Change_pos_star.o" 
